2025-12-02 22:37:49,255 - perplexity - INFO - Test log message
2025-12-02 22:37:49,256 - perplexity.utils - WARNING - Attempt 1/3 failed: Test error. Retrying in 0.61s...
2025-12-02 22:38:01,783 - perplexity.utils - WARNING - Attempt 1/3 failed: Temporary error. Retrying in 0.54s...
2025-12-02 22:38:02,321 - perplexity.utils - WARNING - Attempt 2/3 failed: Temporary error. Retrying in 0.30s...
2025-12-02 22:38:02,621 - perplexity.utils - WARNING - Attempt 1/2 failed: Permanent error. Retrying in 0.79s...
2025-12-02 22:38:03,416 - perplexity.utils - ERROR - Failed after 2 attempts: Permanent error
2025-12-02 22:38:43,753 - perplexity - INFO - Test log message
2025-12-02 22:38:43,754 - perplexity.utils - WARNING - Attempt 1/3 failed: Test error. Retrying in 0.57s...
2025-12-02 22:38:44,958 - perplexity.utils - WARNING - Attempt 1/3 failed: Temporary error. Retrying in 1.04s...
2025-12-02 22:38:45,997 - perplexity.utils - WARNING - Attempt 2/3 failed: Temporary error. Retrying in 0.32s...
2025-12-02 22:38:46,318 - perplexity.utils - WARNING - Attempt 1/2 failed: Permanent error. Retrying in 0.50s...
2025-12-02 22:38:46,819 - perplexity.utils - ERROR - Failed after 2 attempts: Permanent error
2025-12-02 22:55:56,893 - perplexity - INFO - Verification log message
2025-12-02 22:55:56,893 - perplexity.utils - WARNING - Attempt 1/3 failed: Transient error. Retrying in 0.27s...
2025-12-02 22:55:57,660 - perplexity.utils - WARNING - Attempt 1/3 failed: Temporary error. Retrying in 0.13s...
2025-12-02 22:55:57,788 - perplexity.utils - WARNING - Attempt 2/3 failed: Temporary error. Retrying in 0.72s...
2025-12-02 22:55:58,511 - perplexity.utils - WARNING - Attempt 1/2 failed: Permanent error. Retrying in 1.09s...
2025-12-02 22:55:59,601 - perplexity.utils - ERROR - Failed after 2 attempts: Permanent error
2025-12-03 20:51:54,861 - perplexity - INFO - Verification log message
2025-12-03 20:51:54,862 - perplexity.utils - WARNING - Attempt 1/3 failed: Transient error. Retrying in 0.03s...
2025-12-03 20:53:17,360 - perplexity - INFO - Verification log message
2025-12-03 20:53:17,360 - perplexity.utils - WARNING - Attempt 1/3 failed: Transient error. Retrying in 0.52s...
2025-12-03 20:54:53,069 - perplexity - INFO - Verification log message
2025-12-03 20:54:53,070 - perplexity.utils - WARNING - Attempt 1/3 failed: Transient error. Retrying in 0.98s...
2025-12-03 21:20:01,481 - perplexity.utils - WARNING - Attempt 1/3 failed: temporary failure. Retrying in 0.41s...
2025-12-03 21:37:06,303 - perplexity.utils - WARNING - Attempt 1/3 failed: temporary failure. Retrying in 0.68s...
